  IEEE1905_TLV_TYPE_END_OF_MESSAGE = 0,
    IEEE1905_TLV_TYPE_AL_ID = 1,
    IEEE1905_TLV_TYPE_MAC_ID = 2,
    IEEE1905_TLV_TYPE_DEVICE_INFORMATION = 3,
    IEEE1905_TLV_TYPE_DEVICE_BRIDGING_CAPABILITY = 4,
    IEEE1905_TLV_TYPE_MEDIA_TYPE = 5,
    IEEE1905_TLV_TYPE_LEGACY_NEIGHBOR = 6,
    IEEE1905_TLV_TYPE_NEIGHBOR_DEVICE = 7,
    IEEE1905_TLV_TYPE_LINK_METRIC_QUERY = 8,
    IEEE1905_TLV_TYPE_TRANSMITTER_LINK_METRIC_RESPONSE = 9,
    IEEE1905_TLV_TYPE_RECEIVER_LINK_METRIC_RESPONSE = 10,
    IEEE1905_TLV_TYPE_VENDOR_SPECIFIC = 11,
    IEEE1905_TLV_TYPE_RESULT_CODE = 12,
    IEEE1905_TLV_TYPE_SEARCHED_ROLE = 13,
    IEEE1905_TLV_TYPE_FREQ_BAND = 14,
    IEEE1905_TLV_TYPE_SUPPORTED_ROLE = 15,
    IEEE1905_TLV_TYPE_SUPPORTED_FREQ_BAND = 16,
    IEEE1905_TLV_TYPE_WPS = 17,
    IEEE1905_TLV_TYPE_PUSH_BUTTON_EVENT = 18,
    IEEE1905_TLV_TYPE_PUSH_BUTTON_JOIN = 19,

